<?xml version="1.0" encoding="UTF-8"?>
<testng-results ignored="0" total="1" passed="1" failed="0" skipped="0">
  <reporter-output>
  </reporter-output>
  <suite started-at="2023-10-05T17:46:28 IST" name="Suite" finished-at="2023-10-05T17:46:37 IST" duration-ms="8547">
    <groups>
    </groups>
    <test started-at="2023-10-05T17:46:28 IST" name="Test" finished-at="2023-10-05T17:46:37 IST" duration-ms="8547">
      <class name="testlayer.ProfilePageTest">
        <test-method is-config="true" signature="setup(java.lang.String)[pri:0, instance:testlayer.ProfilePageTest@61862a7f]" started-at="2023-10-05T17:46:28 IST" name="setup" finished-at="2023-10-05T17:46:37 IST" duration-ms="8472" status="PASS">
          <params>
            <param index="0">
              <value>
                <![CDATA[chrome]]>
              </value>
            </param>
          </params>
          <reporter-output>
          </reporter-output>
        </test-method> <!-- setup -->
        <test-method signature="clickmethod()[pri:0, instance:testlayer.ProfilePageTest@61862a7f]" started-at="2023-10-05T17:46:37 IST" name="clickmethod" finished-at="2023-10-05T17:46:37 IST" duration-ms="28" status="PASS">
          <reporter-output>
          </reporter-output>
        </test-method> <!-- clickmethod -->
        <test-method is-config="true" signature="shutdown()[pri:0, instance:testlayer.ProfilePageTest@61862a7f]" started-at="2023-10-05T17:46:37 IST" name="shutdown" finished-at="2023-10-05T17:46:37 IST" duration-ms="0" status="PASS">
          <reporter-output>
          </reporter-output>
        </test-method> <!-- shutdown -->
      </class> <!-- testlayer.ProfilePageTest -->
    </test> <!-- Test -->
  </suite> <!-- Suite -->
</testng-results>
